[2018-12-25T11:33:51.340] [INFO] responseLog - 
*************** response log start ***************
request method: POST
request originalUrl:  /api/getDissSelect
request client ip:  172.16.3.249
request body: 
{}
response time: 0
response status: 200
response body: 
{}
*************** response log end ***************

[2018-12-25T11:33:51.345] [INFO] responseLog - 
*************** response log start ***************
request method: POST
request originalUrl:  /api/login
request client ip:  172.16.3.249
request body: 
{}
response time: 0
response status: 200
response body: 
{}
*************** response log end ***************

[2018-12-25T14:39:11.202] [INFO] responseLog - 
*************** response log start ***************
request method: POST
request originalUrl:  /api/login
request client ip:  172.16.3.249
request body: 
{}
response time: 0
response status: 200
response body: 
{}
*************** response log end ***************

[2018-12-25T14:39:11.342] [INFO] responseLog - 
*************** response log start ***************
request method: POST
request originalUrl:  /api/getDissSelect
request client ip:  172.16.3.249
request body: 
{}
response time: 0
response status: 200
response body: 
{}
*************** response log end ***************

[2018-12-25T14:42:49.139] [INFO] responseLog - 
*************** response log start ***************
request method: POST
request originalUrl:  /api/getDissSelect
request client ip:  172.16.3.249
request body: 
{}
response time: 0
response status: 200
response body: 
{}
*************** response log end ***************

[2018-12-25T14:42:53.199] [INFO] responseLog - 
*************** response log start ***************
request method: POST
request originalUrl:  /api/getDissSelect
request client ip:  172.16.3.249
request body: 
{}
response time: 0
response status: 200
response body: 
{}
*************** response log end ***************

[2018-12-25T14:43:03.445] [INFO] responseLog - 
*************** response log start ***************
request method: POST
request originalUrl:  /api/getDissSelect
request client ip:  172.16.3.249
request body: 
{}
response time: 0
response status: 200
response body: 
{}
*************** response log end ***************

[2018-12-25T14:43:09.944] [INFO] responseLog - 
*************** response log start ***************
request method: POST
request originalUrl:  /api/login
request client ip:  172.16.3.249
request body: 
{}
response time: 0
response status: 200
response body: 
{}
*************** response log end ***************

[2018-12-25T14:43:10.078] [INFO] responseLog - 
*************** response log start ***************
request method: POST
request originalUrl:  /api/getDissSelect
request client ip:  172.16.3.249
request body: 
{}
response time: 0
response status: 200
response body: 
{}
*************** response log end ***************

[2018-12-25T14:43:27.741] [INFO] responseLog - 
*************** response log start ***************
request method: POST
request originalUrl:  /api/login
request client ip:  172.16.3.249
request body: 
{}
response time: 0
response status: 200
response body: 
{}
*************** response log end ***************

[2018-12-25T14:43:27.797] [INFO] responseLog - 
*************** response log start ***************
request method: POST
request originalUrl:  /api/getDissSelect
request client ip:  172.16.3.249
request body: 
{}
response time: 0
response status: 200
response body: 
{}
*************** response log end ***************

[2018-12-25T14:47:16.303] [INFO] responseLog - 
*************** response log start ***************
request method: POST
request originalUrl:  /api/getDissSelect
request client ip:  172.16.3.249
request body: 
{}
response time: 0
response status: 200
response body: 
{}
*************** response log end ***************

[2018-12-25T14:47:16.322] [INFO] responseLog - 
*************** response log start ***************
request method: POST
request originalUrl:  /api/login
request client ip:  172.16.3.249
request body: 
{}
response time: 0
response status: 200
response body: 
{}
*************** response log end ***************

[2018-12-25T14:48:21.231] [INFO] responseLog - 
*************** response log start ***************
request method: POST
request originalUrl:  /api/getRankingList
request client ip:  172.16.3.249
request body: 
{}
response time: 0
response status: 200
response body: 
{}
*************** response log end ***************

[2018-12-25T14:48:21.459] [INFO] responseLog - 
*************** response log start ***************
request method: POST
request originalUrl:  /api/getRankingList
request client ip:  172.16.3.249
request body: 
{}
response time: 0
response status: 200
response body: 
{}
*************** response log end ***************

[2018-12-25T14:48:22.850] [INFO] responseLog - 
*************** response log start ***************
request method: POST
request originalUrl:  /api/addStar
request client ip:  172.16.3.249
request body: 
{}
response time: 0
response status: 200
response body: 
{}
*************** response log end ***************

[2018-12-25T14:48:22.986] [INFO] responseLog - 
*************** response log start ***************
request method: POST
request originalUrl:  /api/getRankingList
request client ip:  172.16.3.249
request body: 
{}
response time: 0
response status: 200
response body: 
{}
*************** response log end ***************

[2018-12-25T14:53:40.495] [INFO] responseLog - 
*************** response log start ***************
request method: POST
request originalUrl:  /api/getDissSelect
request client ip:  172.16.3.249
request body: 
{}
response time: 0
response status: 200
response body: 
{}
*************** response log end ***************

[2018-12-25T14:53:40.539] [INFO] responseLog - 
*************** response log start ***************
request method: POST
request originalUrl:  /api/login
request client ip:  172.16.3.249
request body: 
{}
response time: 0
response status: 200
response body: 
{}
*************** response log end ***************

[2018-12-25T14:54:31.808] [INFO] responseLog - 
*************** response log start ***************
request method: POST
request originalUrl:  /api/login
request client ip:  172.16.3.249
request body: 
{}
response time: 0
response status: 200
response body: 
{}
*************** response log end ***************

[2018-12-25T14:54:31.853] [INFO] responseLog - 
*************** response log start ***************
request method: POST
request originalUrl:  /api/getDissSelect
request client ip:  172.16.3.249
request body: 
{}
response time: 0
response status: 200
response body: 
{}
*************** response log end ***************

[2018-12-25T14:56:27.149] [INFO] responseLog - 
*************** response log start ***************
request method: POST
request originalUrl:  /api/login
request client ip:  172.16.3.249
request body: 
{}
response time: 0
response status: 200
response body: 
{}
*************** response log end ***************

[2018-12-25T14:56:27.218] [INFO] responseLog - 
*************** response log start ***************
request method: POST
request originalUrl:  /api/getDissSelect
request client ip:  172.16.3.249
request body: 
{}
response time: 0
response status: 200
response body: 
{}
*************** response log end ***************

[2018-12-25T14:57:47.581] [INFO] responseLog - 
*************** response log start ***************
request method: POST
request originalUrl:  /api/getDissSelect
request client ip:  172.16.3.249
request body: 
{}
response time: 0
response status: 200
response body: 
{}
*************** response log end ***************

[2018-12-25T14:57:47.587] [INFO] responseLog - 
*************** response log start ***************
request method: POST
request originalUrl:  /api/login
request client ip:  172.16.3.249
request body: 
{}
response time: 0
response status: 200
response body: 
{}
*************** response log end ***************

[2018-12-25T14:58:33.198] [INFO] responseLog - 
*************** response log start ***************
request method: POST
request originalUrl:  /api/login
request client ip:  172.16.3.249
request body: 
{}
response time: 0
response status: 200
response body: 
{}
*************** response log end ***************

[2018-12-25T14:58:33.243] [INFO] responseLog - 
*************** response log start ***************
request method: POST
request originalUrl:  /api/getDissSelect
request client ip:  172.16.3.249
request body: 
{}
response time: 0
response status: 200
response body: 
{}
*************** response log end ***************

[2018-12-25T15:00:29.226] [INFO] responseLog - 
*************** response log start ***************
request method: POST
request originalUrl:  /api/getDissSelect
request client ip:  172.16.3.249
request body: 
{}
response time: 0
response status: 200
response body: 
{}
*************** response log end ***************

[2018-12-25T15:00:29.288] [INFO] responseLog - 
*************** response log start ***************
request method: POST
request originalUrl:  /api/login
request client ip:  172.16.3.249
request body: 
{}
response time: 0
response status: 200
response body: 
{}
*************** response log end ***************

[2018-12-25T15:00:58.607] [INFO] responseLog - 
*************** response log start ***************
request method: POST
request originalUrl:  /api/login
request client ip:  172.16.3.249
request body: 
{}
response time: 0
response status: 200
response body: 
{}
*************** response log end ***************

[2018-12-25T15:00:58.701] [INFO] responseLog - 
*************** response log start ***************
request method: POST
request originalUrl:  /api/getDissSelect
request client ip:  172.16.3.249
request body: 
{}
response time: 0
response status: 200
response body: 
{}
*************** response log end ***************

[2018-12-25T15:01:50.041] [INFO] responseLog - 
*************** response log start ***************
request method: POST
request originalUrl:  /api/login
request client ip:  172.16.3.249
request body: 
{}
response time: 0
response status: 200
response body: 
{}
*************** response log end ***************

[2018-12-25T15:01:50.106] [INFO] responseLog - 
*************** response log start ***************
request method: POST
request originalUrl:  /api/getDissSelect
request client ip:  172.16.3.249
request body: 
{}
response time: 0
response status: 200
response body: 
{}
*************** response log end ***************

[2018-12-25T15:03:22.857] [INFO] responseLog - 
*************** response log start ***************
request method: POST
request originalUrl:  /api/login
request client ip:  172.16.3.249
request body: 
{}
response time: 0
response status: 200
response body: 
{}
*************** response log end ***************

[2018-12-25T15:03:22.902] [INFO] responseLog - 
*************** response log start ***************
request method: POST
request originalUrl:  /api/getDissSelect
request client ip:  172.16.3.249
request body: 
{}
response time: 0
response status: 200
response body: 
{}
*************** response log end ***************

[2018-12-25T15:04:36.202] [INFO] responseLog - 
*************** response log start ***************
request method: POST
request originalUrl:  /api/login
request client ip:  172.16.3.249
request body: 
{}
response time: 0
response status: 200
response body: 
{}
*************** response log end ***************

[2018-12-25T15:04:36.239] [INFO] responseLog - 
*************** response log start ***************
request method: POST
request originalUrl:  /api/getDissSelect
request client ip:  172.16.3.249
request body: 
{}
response time: 0
response status: 200
response body: 
{}
*************** response log end ***************

[2018-12-25T15:05:11.900] [INFO] responseLog - 
*************** response log start ***************
request method: POST
request originalUrl:  /api/login
request client ip:  172.16.3.249
request body: 
{}
response time: 0
response status: 200
response body: 
{}
*************** response log end ***************

[2018-12-25T15:05:11.940] [INFO] responseLog - 
*************** response log start ***************
request method: POST
request originalUrl:  /api/getDissSelect
request client ip:  172.16.3.249
request body: 
{}
response time: 0
response status: 200
response body: 
{}
*************** response log end ***************

[2018-12-25T15:06:19.671] [INFO] responseLog - 
*************** response log start ***************
request method: POST
request originalUrl:  /api/login
request client ip:  172.16.3.249
request body: 
{}
response time: 0
response status: 200
response body: 
{}
*************** response log end ***************

[2018-12-25T15:06:19.724] [INFO] responseLog - 
*************** response log start ***************
request method: POST
request originalUrl:  /api/getDissSelect
request client ip:  172.16.3.249
request body: 
{}
response time: 0
response status: 200
response body: 
{}
*************** response log end ***************

[2018-12-25T15:07:14.870] [INFO] responseLog - 
*************** response log start ***************
request method: POST
request originalUrl:  /api/login
request client ip:  172.16.3.249
request body: 
{}
response time: 0
response status: 200
response body: 
{}
*************** response log end ***************

[2018-12-25T15:07:14.918] [INFO] responseLog - 
*************** response log start ***************
request method: POST
request originalUrl:  /api/getDissSelect
request client ip:  172.16.3.249
request body: 
{}
response time: 0
response status: 200
response body: 
{}
*************** response log end ***************

[2018-12-25T15:07:44.634] [INFO] responseLog - 
*************** response log start ***************
request method: POST
request originalUrl:  /api/login
request client ip:  172.16.3.249
request body: 
{}
response time: 0
response status: 200
response body: 
{}
*************** response log end ***************

[2018-12-25T15:07:44.662] [INFO] responseLog - 
*************** response log start ***************
request method: POST
request originalUrl:  /api/getDissSelect
request client ip:  172.16.3.249
request body: 
{}
response time: 0
response status: 200
response body: 
{}
*************** response log end ***************

[2018-12-25T15:08:13.501] [INFO] responseLog - 
*************** response log start ***************
request method: POST
request originalUrl:  /api/login
request client ip:  172.16.3.249
request body: 
{}
response time: 0
response status: 200
response body: 
{}
*************** response log end ***************

[2018-12-25T15:08:13.546] [INFO] responseLog - 
*************** response log start ***************
request method: POST
request originalUrl:  /api/getDissSelect
request client ip:  172.16.3.249
request body: 
{}
response time: 0
response status: 200
response body: 
{}
*************** response log end ***************

[2018-12-25T15:08:51.550] [INFO] responseLog - 
*************** response log start ***************
request method: POST
request originalUrl:  /api/login
request client ip:  172.16.3.249
request body: 
{}
response time: 0
response status: 200
response body: 
{}
*************** response log end ***************

[2018-12-25T15:08:51.567] [INFO] responseLog - 
*************** response log start ***************
request method: POST
request originalUrl:  /api/getDissSelect
request client ip:  172.16.3.249
request body: 
{}
response time: 0
response status: 200
response body: 
{}
*************** response log end ***************

[2018-12-25T15:09:27.805] [INFO] responseLog - 
*************** response log start ***************
request method: POST
request originalUrl:  /api/login
request client ip:  172.16.3.249
request body: 
{}
response time: 0
response status: 200
response body: 
{}
*************** response log end ***************

[2018-12-25T15:09:27.848] [INFO] responseLog - 
*************** response log start ***************
request method: POST
request originalUrl:  /api/getDissSelect
request client ip:  172.16.3.249
request body: 
{}
response time: 0
response status: 200
response body: 
{}
*************** response log end ***************

[2018-12-25T15:11:27.265] [INFO] responseLog - 
*************** response log start ***************
request method: POST
request originalUrl:  /api/login
request client ip:  172.16.3.249
request body: 
{}
response time: 0
response status: 200
response body: 
{}
*************** response log end ***************

[2018-12-25T15:11:27.309] [INFO] responseLog - 
*************** response log start ***************
request method: POST
request originalUrl:  /api/getDissSelect
request client ip:  172.16.3.249
request body: 
{}
response time: 0
response status: 200
response body: 
{}
*************** response log end ***************

[2018-12-25T15:13:56.603] [INFO] responseLog - 
*************** response log start ***************
request method: POST
request originalUrl:  /api/login
request client ip:  172.16.3.249
request body: 
{"code":"081VyYbh1e9p5t0oi6ah16JSbh1VyYbU"}
response time: 0
response status: 200
response body: 
{"code":"081VyYbh1e9p5t0oi6ah16JSbh1VyYbU"}
*************** response log end ***************

[2018-12-25T15:13:56.611] [INFO] responseLog - 
*************** response log start ***************
request method: POST
request originalUrl:  /api/getDissSelect
request client ip:  172.16.3.249
request body: 
{}
response time: 0
response status: 200
response body: 
{}
*************** response log end ***************

[2018-12-25T15:14:12.516] [INFO] responseLog - 
*************** response log start ***************
request method: POST
request originalUrl:  /api/login
request client ip:  172.16.3.249
request body: 
{"code":"0013Elbh0aGTfw1j92ch04Zmbh03Elbh"}
response time: 0
response status: 200
response body: 
{"code":"0013Elbh0aGTfw1j92ch04Zmbh03Elbh"}
*************** response log end ***************

[2018-12-25T15:14:12.594] [INFO] responseLog - 
*************** response log start ***************
request method: POST
request originalUrl:  /api/getDissSelect
request client ip:  172.16.3.249
request body: 
{}
response time: 0
response status: 200
response body: 
{}
*************** response log end ***************

[2018-12-25T15:25:39.090] [INFO] responseLog - 
*************** response log start ***************
request method: POST
request originalUrl:  /api/getDissSelect
request client ip:  172.16.3.249
request body: 
{}
response time: 0
response status: 200
response body: 
{}
*************** response log end ***************

[2018-12-25T15:25:39.127] [INFO] responseLog - 
*************** response log start ***************
request method: POST
request originalUrl:  /api/login
request client ip:  172.16.3.249
request body: 
{"code":"081MF9v42ktf9P01vbv42W8Su42MF9vn"}
response time: 0
response status: 200
response body: 
{"code":"081MF9v42ktf9P01vbv42W8Su42MF9vn"}
*************** response log end ***************

[2018-12-25T16:11:53.564] [INFO] responseLog - 
*************** response log start ***************
request method: POST
request originalUrl:  /api/login
request client ip:  172.16.3.249
request body: 
{"code":"021JP1Wj1L1bLm0XOPTj1LvaWj1JP1WW"}
response time: 0
response status: 200
response body: 
{"code":"021JP1Wj1L1bLm0XOPTj1LvaWj1JP1WW"}
*************** response log end ***************

[2018-12-25T16:11:53.597] [INFO] responseLog - 
*************** response log start ***************
request method: POST
request originalUrl:  /api/getDissSelect
request client ip:  172.16.3.249
request body: 
{}
response time: 0
response status: 200
response body: 
{}
*************** response log end ***************

[2018-12-25T16:55:48.424] [INFO] responseLog - 
*************** response log start ***************
request method: POST
request originalUrl:  /api/getDissSelect
request client ip:  172.16.3.249
request body: 
{}
response time: 0
response status: 200
response body: 
{}
*************** response log end ***************

[2018-12-25T16:55:59.709] [INFO] responseLog - 
*************** response log start ***************
request method: POST
request originalUrl:  /api/getDissSelect
request client ip:  172.16.3.249
request body: 
{}
response time: 0
response status: 200
response body: 
{}
*************** response log end ***************

[2018-12-25T16:55:59.853] [INFO] responseLog - 
*************** response log start ***************
request method: POST
request originalUrl:  /api/login
request client ip:  172.16.3.249
request body: 
{"code":"081gXRbQ0gHFf52iascQ0TkZbQ0gXRbZ"}
response time: 0
response status: 200
response body: 
{"code":"081gXRbQ0gHFf52iascQ0TkZbQ0gXRbZ"}
*************** response log end ***************

[2018-12-25T16:58:11.700] [INFO] responseLog - 
*************** response log start ***************
request method: POST
request originalUrl:  /api/getDissSelect
request client ip:  172.16.3.249
request body: 
{}
response time: 0
response status: 200
response body: 
{}
*************** response log end ***************

[2018-12-25T16:58:11.850] [INFO] responseLog - 
*************** response log start ***************
request method: POST
request originalUrl:  /api/login
request client ip:  172.16.3.249
request body: 
{"code":"021nXOom07pYns1ld9nm0kqLom0nXOoF"}
response time: 0
response status: 200
response body: 
{"code":"021nXOom07pYns1ld9nm0kqLom0nXOoF"}
*************** response log end ***************

[2018-12-25T16:59:51.658] [INFO] responseLog - 
*************** response log start ***************
request method: POST
request originalUrl:  /api/login
request client ip:  172.16.3.249
request body: 
{"code":"06123CGd1AsuFy0VKHEd1vNLGd123CGh"}
response time: 0
response status: 200
response body: 
{"code":"06123CGd1AsuFy0VKHEd1vNLGd123CGh"}
*************** response log end ***************

[2018-12-25T16:59:51.712] [INFO] responseLog - 
*************** response log start ***************
request method: POST
request originalUrl:  /api/getDissSelect
request client ip:  172.16.3.249
request body: 
{}
response time: 0
response status: 200
response body: 
{}
*************** response log end ***************

[2018-12-25T17:02:34.310] [INFO] responseLog - 
*************** response log start ***************
request method: POST
request originalUrl:  /api/login
request client ip:  172.16.3.249
request body: 
{"code":"071ZdAA002tKbH1qvmz00eNqA00ZdAAA"}
response time: 0
response status: 200
response body: 
{"code":"071ZdAA002tKbH1qvmz00eNqA00ZdAAA"}
*************** response log end ***************

[2018-12-25T17:02:34.375] [INFO] responseLog - 
*************** response log start ***************
request method: POST
request originalUrl:  /api/getDissSelect
request client ip:  172.16.3.249
request body: 
{}
response time: 0
response status: 200
response body: 
{}
*************** response log end ***************

[2018-12-25T17:06:36.012] [INFO] responseLog - 
*************** response log start ***************
request method: POST
request originalUrl:  /api/login
request client ip:  172.16.3.249
request body: 
{"code":"021ccHsB0j1rMh2E8OsB0zMIsB0ccHsS"}
response time: 0
response status: 200
response body: 
{"code":"021ccHsB0j1rMh2E8OsB0zMIsB0ccHsS"}
*************** response log end ***************

[2018-12-25T17:06:36.095] [INFO] responseLog - 
*************** response log start ***************
request method: POST
request originalUrl:  /api/getDissSelect
request client ip:  172.16.3.249
request body: 
{}
response time: 0
response status: 200
response body: 
{}
*************** response log end ***************

[2018-12-25T17:06:55.264] [INFO] responseLog - 
*************** response log start ***************
request method: POST
request originalUrl:  /api/login
request client ip:  172.16.3.249
request body: 
{"code":"081vwMZh2PwLFB06HwYh2MmJZh2vwMZS"}
response time: 0
response status: 200
response body: 
{"code":"081vwMZh2PwLFB06HwYh2MmJZh2vwMZS"}
*************** response log end ***************

[2018-12-25T17:06:55.324] [INFO] responseLog - 
*************** response log start ***************
request method: POST
request originalUrl:  /api/getDissSelect
request client ip:  172.16.3.249
request body: 
{}
response time: 0
response status: 200
response body: 
{}
*************** response log end ***************

[2018-12-25T17:07:40.046] [INFO] responseLog - 
*************** response log start ***************
request method: POST
request originalUrl:  /api/login
request client ip:  172.16.3.249
request body: 
{"code":"071lRuZE1awdt70mpiZE1zgsZE1lRuZR"}
response time: 0
response status: 200
response body: 
{"code":"071lRuZE1awdt70mpiZE1zgsZE1lRuZR"}
*************** response log end ***************

[2018-12-25T17:07:40.074] [INFO] responseLog - 
*************** response log start ***************
request method: POST
request originalUrl:  /api/getDissSelect
request client ip:  172.16.3.249
request body: 
{}
response time: 0
response status: 200
response body: 
{}
*************** response log end ***************

[2018-12-25T17:08:16.214] [INFO] responseLog - 
*************** response log start ***************
request method: POST
request originalUrl:  /api/login
request client ip:  172.16.3.249
request body: 
{"code":"001Bht5l0eq9mr1m4u6l0gCK5l0Bht5I"}
response time: 0
response status: 200
response body: 
{"code":"001Bht5l0eq9mr1m4u6l0gCK5l0Bht5I"}
*************** response log end ***************

[2018-12-25T17:08:16.288] [INFO] responseLog - 
*************** response log start ***************
request method: POST
request originalUrl:  /api/getDissSelect
request client ip:  172.16.3.249
request body: 
{}
response time: 0
response status: 200
response body: 
{}
*************** response log end ***************

[2018-12-25T17:08:46.196] [INFO] responseLog - 
*************** response log start ***************
request method: POST
request originalUrl:  /api/login
request client ip:  172.16.3.249
request body: 
{"code":"011Jbw8J16HoP20wuq7J1MtL8J1Jbw8K"}
response time: 0
response status: 200
response body: 
{"code":"011Jbw8J16HoP20wuq7J1MtL8J1Jbw8K"}
*************** response log end ***************

[2018-12-25T17:08:46.229] [INFO] responseLog - 
*************** response log start ***************
request method: POST
request originalUrl:  /api/getDissSelect
request client ip:  172.16.3.249
request body: 
{}
response time: 0
response status: 200
response body: 
{}
*************** response log end ***************

[2018-12-25T17:10:00.314] [INFO] responseLog - 
*************** response log start ***************
request method: POST
request originalUrl:  /api/login
request client ip:  172.16.3.249
request body: 
{"code":"061dLbmI0Ut1Sf2ZEanI0pammI0dLbmM"}
response time: 0
response status: 200
response body: 
{"code":"061dLbmI0Ut1Sf2ZEanI0pammI0dLbmM"}
*************** response log end ***************

[2018-12-25T17:10:00.342] [INFO] responseLog - 
*************** response log start ***************
request method: POST
request originalUrl:  /api/getDissSelect
request client ip:  172.16.3.249
request body: 
{}
response time: 0
response status: 200
response body: 
{}
*************** response log end ***************

[2018-12-25T17:18:22.931] [INFO] responseLog - 
*************** response log start ***************
request method: POST
request originalUrl:  /api/login
request client ip:  172.16.3.249
request body: 
{"code":"001XMZ8W1B5ffZ0OjZ8W13cd9W1XMZ8M"}
response time: 0
response status: 200
response body: 
{"code":"001XMZ8W1B5ffZ0OjZ8W13cd9W1XMZ8M"}
*************** response log end ***************

[2018-12-25T17:18:22.961] [INFO] responseLog - 
*************** response log start ***************
request method: POST
request originalUrl:  /api/getDissSelect
request client ip:  172.16.3.249
request body: 
{}
response time: 0
response status: 200
response body: 
{}
*************** response log end ***************

[2018-12-25T17:18:36.107] [INFO] responseLog - 
*************** response log start ***************
request method: POST
request originalUrl:  /api/login
request client ip:  172.16.3.249
request body: 
{"code":"0818zrGK13if54037eHK1KuHGK18zrGY"}
response time: 0
response status: 200
response body: 
{"code":"0818zrGK13if54037eHK1KuHGK18zrGY"}
*************** response log end ***************

[2018-12-25T17:18:36.185] [INFO] responseLog - 
*************** response log start ***************
request method: POST
request originalUrl:  /api/getDissSelect
request client ip:  172.16.3.249
request body: 
{}
response time: 0
response status: 200
response body: 
{}
*************** response log end ***************

[2018-12-25T17:19:15.568] [INFO] responseLog - 
*************** response log start ***************
request method: POST
request originalUrl:  /api/login
request client ip:  172.16.3.249
request body: 
{"code":"001tkFhO0DTXC32fx5fO0BZrhO0tkFhM"}
response time: 0
response status: 200
response body: 
{"code":"001tkFhO0DTXC32fx5fO0BZrhO0tkFhM"}
*************** response log end ***************

[2018-12-25T17:19:15.619] [INFO] responseLog - 
*************** response log start ***************
request method: POST
request originalUrl:  /api/getDissSelect
request client ip:  172.16.3.249
request body: 
{}
response time: 0
response status: 200
response body: 
{}
*************** response log end ***************

